<?xml version="1.0" encoding="UTF-8"?>
<Site BuildName="Darwin-clang++"
	BuildStamp="20201026-2319-Experimental"
	Name="Jessica-Jiang-1144.local"
	Generator="ctest-3.16.4"
	CompilerName="/usr/bin/clang++"
	CompilerVersion="11.0.0.11000033"
	OSName="Mac OS X"
	Hostname="Jessica-Jiang-1144.local"
	OSRelease="10.15.3"
	OSVersion="19D76"
	OSPlatform="x86_64"
	Is64Bits="1"
	VendorString="GenuineIntel"
	VendorID="Intel Corporation"
	FamilyID="6"
	ModelID="142"
	ProcessorCacheSize="32768"
	NumberOfLogicalCPU="8"
	NumberOfPhysicalCPU="4"
	TotalVirtualMemory="9216"
	TotalPhysicalMemory="8192"
	LogicalProcessorsPerPhysical="8"
	ProcessorClockFrequency="1400"
	>
	<Testing>
		<StartDateTime>Oct 26 19:19 EDT</StartDateTime>
		<StartTestTime>1603754388</StartTestTime>
		<TestList/>
		<EndDateTime>Oct 26 19:19 EDT</EndDateTime>
		<EndTestTime>1603754388</EndTestTime>
		<ElapsedMinutes>0</ElapsedMinutes>
	</Testing>
</Site>
